simpleuser@test.fr de ::1 à Monday 27th of May 2024 09:19:21 PM
superuser@test.fr de ::1 à Monday 27th of May 2024 09:19:34 PM
simpleuser@test.fr de ::1 à Monday 27th of May 2024 09:24:09 PM
superuser@test.fr de ::1 à Monday 27th of May 2024 09:37:39 PM
simpleuser@test.fr de ::1 à Tuesday 28th of May 2024 12:22:09 PM
simpleuser@test.fr de ::1 à Tuesday 28th of May 2024 12:34:23 PM
simpleuser@test.fr de ::1 à Tuesday 28th of May 2024 01:03:44 PM
superuser@test.fr de ::1 à Friday 31st of May 2024 10:33:45 AM
superuser@test.fr de ::1 à Friday 31st of May 2024 10:45:53 AM
superuser@test.fr de ::1 à Friday 31st of May 2024 11:30:46 AM
simpleuser@test.fr de ::1 à Monday 3rd of June 2024 08:33:33 PM
superuser@test.fr de ::1 à Monday 3rd of June 2024 08:34:22 PM
superuser@test.fr de ::1 à Thursday 6th of June 2024 09:52:36 AM
simpleuser@test.fr de ::1 à Thursday 6th of June 2024 12:38:04 PM
superuser@test.fr de ::1 à Thursday 6th of June 2024 12:40:23 PM
simpleuser@test.fr de ::1 à Friday 7th of June 2024 08:40:39 AM
superuser@test.fr de ::1 à Friday 7th of June 2024 08:42:14 AM
superuser@test.fr de ::1 à Saturday 8th of June 2024 12:38:48 AM
superuser@test.fr de ::1 à Saturday 8th of June 2024 12:41:55 AM
superuser@test.fr de ::1 à Saturday 8th of June 2024 01:07:05 AM
superuser@test.fr de ::1 à Saturday 8th of June 2024 01:38:16 PM
superuser@test.fr de ::1 à Saturday 8th of June 2024 01:44:15 PM
simpleuser@test.fr de ::1 à Saturday 8th of June 2024 01:45:29 PM
simpleuser@test.fr de ::1 à Saturday 8th of June 2024 01:47:12 PM
superuser@test.fr de ::1 à Saturday 8th of June 2024 01:47:23 PM
simpleuser@test.fr de ::1 à Saturday 8th of June 2024 01:47:38 PM
superuser@test.fr de ::1 à Saturday 8th of June 2024 01:47:50 PM
superuser@test.fr de ::1 à Saturday 8th of June 2024 01:48:21 PM
simpleuser@test.fr de ::1 à Saturday 8th of June 2024 01:48:31 PM
superuser@test.fr de ::1 à Saturday 8th of June 2024 02:32:54 PM
superuser@test.fr de ::1 à Saturday 8th of June 2024 11:25:15 PM
superuser@test.fr de ::1 à Sunday 9th of June 2024 01:15:48 AM
superuser@test.fr de ::1 à Monday 10th of June 2024 03:16:14 PM
superuser@test.fr de ::1 à Monday 10th of June 2024 04:38:31 PM
superuser@test.fr de ::1 à Monday 10th of June 2024 05:01:01 PM
superuser@test.fr de ::1 à Tuesday 11th of June 2024 03:46:02 PM
